  AlphaHP_UI.cpp
  코드를 생성하고 있습니다...
  컴파일하고 있습니다...
  Client.cpp
  SpecialMonster.cpp
  ShieldParticle.cpp
d:\쥬신\sr 시연회\코드\team_frame (아마도최종)\client\private\shieldparticle.cpp(37): warning C4244: '인수': 'double'에서 'FLOAT'(으)로 변환하면서 데이터가 손실될 수 있습니다.
  Portal.cpp
  Player.cpp
d:\쥬신\sr 시연회\코드\team_frame (아마도최종)\client\private\player.cpp(1408): warning C4018: '<': signed 또는 unsigned가 일치하지 않습니다.
  NooNoo.cpp
  MainApp.cpp
  Loader.cpp
  Level_Tutorial.cpp
  Level_StageTwo_1.cpp
  Level_StageTwo.cpp
  Level_StageThree.cpp
  Level_StageSpecial.cpp
  Level_StageSix.cpp
  Level_StageSeven.cpp
  Level_StageSemiBoss.cpp
  Level_StageSemiAfter.cpp
  Level_StageOne.cpp
  Level_StageFour.cpp
  Level_StageFive.cpp
  코드를 생성하고 있습니다...
  컴파일하고 있습니다...
  Level_StageEight.cpp
  Level_StageBoss.cpp
  Level_Logo.cpp
  Level_Loading.cpp
  GameOver.cpp
  Freeze.cpp
  EffectCray.cpp
  EarthQuake.cpp
  코드를 생성하고 있습니다...
  건너뛰고 있습니다... (관련된 변경 내용 없음)
  Damage.cpp
  Wyvern.cpp
  Wraith.cpp
  Warrior.cpp
  Ultimate_Skill.cpp
  UI.cpp
  Typhon.cpp
  Theif.cpp
  TextWindow.cpp
  Text.cpp
  Store_Potion.cpp
  Store.cpp
  StatWindow.cpp
  Slime.cpp
  Siren.cpp
  Shield.cpp
  Shadow.cpp
  Semi_2.cpp
  Semi_1.cpp
  SangIn.cpp
  RSkillBox.cpp
  Quiz_UI.cpp
  QuestWindow.cpp
  Quest.cpp
  PurplePog.cpp
  Pumpkin.cpp
  PlayerName_UI.cpp
  Object_UI.cpp
  NooNooAttack.cpp
  NPC.cpp
  MultiCamera.cpp
  Mouse_UI.cpp
  MoonLight_Effect.cpp
  MonsterRealHp.cpp
  MonsterHpBar.cpp
  Monster.cpp
  MiniNooNoo.cpp
  Meteor.cpp
  Magician.cpp
  Mabubjin_Attack.cpp
  Mabubjin.cpp
  MP_UI.cpp
  Loading_LevelBoss.cpp
  Loading_Level8.cpp
  Loading_Level7.cpp
  Loading_Level6.cpp
  Loading_Level5.cpp
  Loading_Level4_1.cpp
  Loading_Level4.cpp
  Loading_Level3.cpp
  Loading_Level2.cpp
  Loading_Level1.cpp
  Load_Spring.cpp
  Load_Semi0.cpp
  LevelUp.cpp
  LSkillBox.cpp
  Item.cpp
  IronBoar.cpp
  IceGolem.cpp
  Ice.cpp
  HpLow.cpp
  Hit_Effect.cpp
  Hexagon_UI.cpp
  HP_UI.cpp
  Gourd.cpp
  GhostStump.cpp
  FireBoar.cpp
  FireBall_Attack.cpp
  FPS.cpp
  Exp_UI.cpp
  Exp_Text3.cpp
  Exp_Text2.cpp
  Exp_Text.cpp
  Exp_Invisible_UI.cpp
  ExpIng_UI.cpp
  Electric_Shock.cpp
  Effect.cpp
  Dark_Effect.cpp
  CuteBear.cpp
  Crash.cpp
  CoolDown8.cpp
  CoolDown7.cpp
  CoolDown6.cpp
  CoolDown5.cpp
  CoolDown4.cpp
  CoolDown3.cpp
  CoolDown.cpp
  CokeMushroom.cpp
  CokeGolem.cpp
  CloneNooNoo.cpp
  Claw_Attack.cpp
  Circle.cpp
  Bullet_UI.cpp
  Boss_Skill.cpp
  Boss_Phase2_RH.cpp
  Boss_Phase2_LH.cpp
  Boss_Phase1.cpp
  Boss_Ice.cpp
  BossRealHp.cpp
  BossHpBar.cpp
  BossHit_Effect.cpp
  Blast.cpp
  Balrog.cpp
  AlphaMP_UI.cpp
  Client.vcxproj -> D:\쥬신\SR 시연회\코드\Team_Frame (아마도최종)\Client\Default\..\Bin\Client.exe
  Client.vcxproj -> ..\Bin\Client.pdb (Full PDB)
