d:\쥬신\sr 시연회\코드\team_frame (세미최종궁개간지+보스파티클대잔치+상현이추가)\client\default\x64\debug\client.pch
d:\쥬신\sr 시연회\코드\team_frame (세미최종궁개간지+보스파티클대잔치+상현이추가)\client\default\x64\debug\vc140.pdb
d:\쥬신\sr 시연회\코드\team_frame (세미최종궁개간지+보스파티클대잔치+상현이추가)\client\default\x64\debug\vc140.idb
d:\쥬신\sr 시연회\코드\team_frame (세미최종궁개간지+보스파티클대잔치+상현이추가)\client\default\x64\debug\stdafx.obj
d:\쥬신\sr 시연회\코드\team_frame (세미최종궁개간지+보스파티클대잔치+상현이추가)\client\default\x64\debug\shieldparticle.obj
d:\쥬신\sr 시연회\코드\team_frame (세미최종궁개간지+보스파티클대잔치+상현이추가)\client\default\x64\debug\siren.obj
d:\쥬신\sr 시연회\코드\team_frame (세미최종궁개간지+보스파티클대잔치+상현이추가)\client\default\x64\debug\sky.obj
d:\쥬신\sr 시연회\코드\team_frame (세미최종궁개간지+보스파티클대잔치+상현이추가)\client\default\x64\debug\slime.obj
d:\쥬신\sr 시연회\코드\team_frame (세미최종궁개간지+보스파티클대잔치+상현이추가)\client\default\x64\debug\snow.obj
d:\쥬신\sr 시연회\코드\team_frame (세미최종궁개간지+보스파티클대잔치+상현이추가)\client\default\x64\debug\sound_manager.obj
d:\쥬신\sr 시연회\코드\team_frame (세미최종궁개간지+보스파티클대잔치+상현이추가)\client\default\x64\debug\specialmonster.obj
d:\쥬신\sr 시연회\코드\team_frame (세미최종궁개간지+보스파티클대잔치+상현이추가)\client\default\x64\debug\statwindow.obj
d:\쥬신\sr 시연회\코드\team_frame (세미최종궁개간지+보스파티클대잔치+상현이추가)\client\default\x64\debug\store.obj
d:\쥬신\sr 시연회\코드\team_frame (세미최종궁개간지+보스파티클대잔치+상현이추가)\client\default\x64\debug\store_potion.obj
d:\쥬신\sr 시연회\코드\team_frame (세미최종궁개간지+보스파티클대잔치+상현이추가)\client\default\x64\debug\text.obj
d:\쥬신\sr 시연회\코드\team_frame (세미최종궁개간지+보스파티클대잔치+상현이추가)\client\default\x64\debug\textwindow.obj
d:\쥬신\sr 시연회\코드\team_frame (세미최종궁개간지+보스파티클대잔치+상현이추가)\client\default\x64\debug\theif.obj
d:\쥬신\sr 시연회\코드\team_frame (세미최종궁개간지+보스파티클대잔치+상현이추가)\client\default\x64\debug\typhon.obj
d:\쥬신\sr 시연회\코드\team_frame (세미최종궁개간지+보스파티클대잔치+상현이추가)\client\default\x64\debug\ui.obj
d:\쥬신\sr 시연회\코드\team_frame (세미최종궁개간지+보스파티클대잔치+상현이추가)\client\default\x64\debug\ultimate_skill.obj
d:\쥬신\sr 시연회\코드\team_frame (세미최종궁개간지+보스파티클대잔치+상현이추가)\client\default\x64\debug\warrior.obj
d:\쥬신\sr 시연회\코드\team_frame (세미최종궁개간지+보스파티클대잔치+상현이추가)\client\default\x64\debug\wraith.obj
d:\쥬신\sr 시연회\코드\team_frame (세미최종궁개간지+보스파티클대잔치+상현이추가)\client\default\x64\debug\wyvern.obj
d:\쥬신\sr 시연회\코드\team_frame (세미최종궁개간지+보스파티클대잔치+상현이추가)\client\default\x64\debug\client.obj
d:\쥬신\sr 시연회\코드\team_frame (세미최종궁개간지+보스파티클대잔치+상현이추가)\client\default\x64\debug\noonooattack.obj
d:\쥬신\sr 시연회\코드\team_frame (세미최종궁개간지+보스파티클대잔치+상현이추가)\client\default\x64\debug\npc.obj
d:\쥬신\sr 시연회\코드\team_frame (세미최종궁개간지+보스파티클대잔치+상현이추가)\client\default\x64\debug\object_ui.obj
d:\쥬신\sr 시연회\코드\team_frame (세미최종궁개간지+보스파티클대잔치+상현이추가)\client\default\x64\debug\particle.obj
d:\쥬신\sr 시연회\코드\team_frame (세미최종궁개간지+보스파티클대잔치+상현이추가)\client\default\x64\debug\player.obj
d:\쥬신\sr 시연회\코드\team_frame (세미최종궁개간지+보스파티클대잔치+상현이추가)\client\default\x64\debug\playername_ui.obj
d:\쥬신\sr 시연회\코드\team_frame (세미최종궁개간지+보스파티클대잔치+상현이추가)\client\default\x64\debug\portal.obj
d:\쥬신\sr 시연회\코드\team_frame (세미최종궁개간지+보스파티클대잔치+상현이추가)\client\default\x64\debug\pumpkin.obj
d:\쥬신\sr 시연회\코드\team_frame (세미최종궁개간지+보스파티클대잔치+상현이추가)\client\default\x64\debug\purplepog.obj
d:\쥬신\sr 시연회\코드\team_frame (세미최종궁개간지+보스파티클대잔치+상현이추가)\client\default\x64\debug\quest.obj
d:\쥬신\sr 시연회\코드\team_frame (세미최종궁개간지+보스파티클대잔치+상현이추가)\client\default\x64\debug\questwindow.obj
d:\쥬신\sr 시연회\코드\team_frame (세미최종궁개간지+보스파티클대잔치+상현이추가)\client\default\x64\debug\quiz_ui.obj
d:\쥬신\sr 시연회\코드\team_frame (세미최종궁개간지+보스파티클대잔치+상현이추가)\client\default\x64\debug\rain.obj
d:\쥬신\sr 시연회\코드\team_frame (세미최종궁개간지+보스파티클대잔치+상현이추가)\client\default\x64\debug\rskillbox.obj
d:\쥬신\sr 시연회\코드\team_frame (세미최종궁개간지+보스파티클대잔치+상현이추가)\client\default\x64\debug\sakura.obj
d:\쥬신\sr 시연회\코드\team_frame (세미최종궁개간지+보스파티클대잔치+상현이추가)\client\default\x64\debug\sangin.obj
d:\쥬신\sr 시연회\코드\team_frame (세미최종궁개간지+보스파티클대잔치+상현이추가)\client\default\x64\debug\semi_1.obj
d:\쥬신\sr 시연회\코드\team_frame (세미최종궁개간지+보스파티클대잔치+상현이추가)\client\default\x64\debug\semi_2.obj
d:\쥬신\sr 시연회\코드\team_frame (세미최종궁개간지+보스파티클대잔치+상현이추가)\client\default\x64\debug\shadow.obj
d:\쥬신\sr 시연회\코드\team_frame (세미최종궁개간지+보스파티클대잔치+상현이추가)\client\default\x64\debug\shield.obj
d:\쥬신\sr 시연회\코드\team_frame (세미최종궁개간지+보스파티클대잔치+상현이추가)\client\default\x64\debug\loading_level7.obj
d:\쥬신\sr 시연회\코드\team_frame (세미최종궁개간지+보스파티클대잔치+상현이추가)\client\default\x64\debug\loading_level8.obj
d:\쥬신\sr 시연회\코드\team_frame (세미최종궁개간지+보스파티클대잔치+상현이추가)\client\default\x64\debug\loading_levelboss.obj
d:\쥬신\sr 시연회\코드\team_frame (세미최종궁개간지+보스파티클대잔치+상현이추가)\client\default\x64\debug\load_semi0.obj
d:\쥬신\sr 시연회\코드\team_frame (세미최종궁개간지+보스파티클대잔치+상현이추가)\client\default\x64\debug\load_spring.obj
d:\쥬신\sr 시연회\코드\team_frame (세미최종궁개간지+보스파티클대잔치+상현이추가)\client\default\x64\debug\lskillbox.obj
d:\쥬신\sr 시연회\코드\team_frame (세미최종궁개간지+보스파티클대잔치+상현이추가)\client\default\x64\debug\mabubjin.obj
d:\쥬신\sr 시연회\코드\team_frame (세미최종궁개간지+보스파티클대잔치+상현이추가)\client\default\x64\debug\mabubjin_attack.obj
d:\쥬신\sr 시연회\코드\team_frame (세미최종궁개간지+보스파티클대잔치+상현이추가)\client\default\x64\debug\magician.obj
d:\쥬신\sr 시연회\코드\team_frame (세미최종궁개간지+보스파티클대잔치+상현이추가)\client\default\x64\debug\mainapp.obj
d:\쥬신\sr 시연회\코드\team_frame (세미최종궁개간지+보스파티클대잔치+상현이추가)\client\default\x64\debug\meteor.obj
d:\쥬신\sr 시연회\코드\team_frame (세미최종궁개간지+보스파티클대잔치+상현이추가)\client\default\x64\debug\mininoonoo.obj
d:\쥬신\sr 시연회\코드\team_frame (세미최종궁개간지+보스파티클대잔치+상현이추가)\client\default\x64\debug\monster.obj
d:\쥬신\sr 시연회\코드\team_frame (세미최종궁개간지+보스파티클대잔치+상현이추가)\client\default\x64\debug\monsterhpbar.obj
d:\쥬신\sr 시연회\코드\team_frame (세미최종궁개간지+보스파티클대잔치+상현이추가)\client\default\x64\debug\monsterrealhp.obj
d:\쥬신\sr 시연회\코드\team_frame (세미최종궁개간지+보스파티클대잔치+상현이추가)\client\default\x64\debug\moonlight_effect.obj
d:\쥬신\sr 시연회\코드\team_frame (세미최종궁개간지+보스파티클대잔치+상현이추가)\client\default\x64\debug\mouse_ui.obj
d:\쥬신\sr 시연회\코드\team_frame (세미최종궁개간지+보스파티클대잔치+상현이추가)\client\default\x64\debug\mp_ui.obj
d:\쥬신\sr 시연회\코드\team_frame (세미최종궁개간지+보스파티클대잔치+상현이추가)\client\default\x64\debug\multicamera.obj
d:\쥬신\sr 시연회\코드\team_frame (세미최종궁개간지+보스파티클대잔치+상현이추가)\client\default\x64\debug\noonoo.obj
d:\쥬신\sr 시연회\코드\team_frame (세미최종궁개간지+보스파티클대잔치+상현이추가)\client\default\x64\debug\level_stagefive.obj
d:\쥬신\sr 시연회\코드\team_frame (세미최종궁개간지+보스파티클대잔치+상현이추가)\client\default\x64\debug\level_stagefour.obj
d:\쥬신\sr 시연회\코드\team_frame (세미최종궁개간지+보스파티클대잔치+상현이추가)\client\default\x64\debug\level_stageone.obj
d:\쥬신\sr 시연회\코드\team_frame (세미최종궁개간지+보스파티클대잔치+상현이추가)\client\default\x64\debug\level_stagesemiafter.obj
d:\쥬신\sr 시연회\코드\team_frame (세미최종궁개간지+보스파티클대잔치+상현이추가)\client\default\x64\debug\level_stagesemiboss.obj
d:\쥬신\sr 시연회\코드\team_frame (세미최종궁개간지+보스파티클대잔치+상현이추가)\client\default\x64\debug\level_stageseven.obj
d:\쥬신\sr 시연회\코드\team_frame (세미최종궁개간지+보스파티클대잔치+상현이추가)\client\default\x64\debug\level_stagesix.obj
d:\쥬신\sr 시연회\코드\team_frame (세미최종궁개간지+보스파티클대잔치+상현이추가)\client\default\x64\debug\level_stagespecial.obj
d:\쥬신\sr 시연회\코드\team_frame (세미최종궁개간지+보스파티클대잔치+상현이추가)\client\default\x64\debug\level_stagethree.obj
d:\쥬신\sr 시연회\코드\team_frame (세미최종궁개간지+보스파티클대잔치+상현이추가)\client\default\x64\debug\level_stagetwo.obj
d:\쥬신\sr 시연회\코드\team_frame (세미최종궁개간지+보스파티클대잔치+상현이추가)\client\default\x64\debug\level_stagetwo_1.obj
d:\쥬신\sr 시연회\코드\team_frame (세미최종궁개간지+보스파티클대잔치+상현이추가)\client\default\x64\debug\level_tutorial.obj
d:\쥬신\sr 시연회\코드\team_frame (세미최종궁개간지+보스파티클대잔치+상현이추가)\client\default\x64\debug\loader.obj
d:\쥬신\sr 시연회\코드\team_frame (세미최종궁개간지+보스파티클대잔치+상현이추가)\client\default\x64\debug\loading_level1.obj
d:\쥬신\sr 시연회\코드\team_frame (세미최종궁개간지+보스파티클대잔치+상현이추가)\client\default\x64\debug\loading_level2.obj
d:\쥬신\sr 시연회\코드\team_frame (세미최종궁개간지+보스파티클대잔치+상현이추가)\client\default\x64\debug\loading_level3.obj
d:\쥬신\sr 시연회\코드\team_frame (세미최종궁개간지+보스파티클대잔치+상현이추가)\client\default\x64\debug\loading_level4.obj
d:\쥬신\sr 시연회\코드\team_frame (세미최종궁개간지+보스파티클대잔치+상현이추가)\client\default\x64\debug\loading_level4_1.obj
d:\쥬신\sr 시연회\코드\team_frame (세미최종궁개간지+보스파티클대잔치+상현이추가)\client\default\x64\debug\loading_level5.obj
d:\쥬신\sr 시연회\코드\team_frame (세미최종궁개간지+보스파티클대잔치+상현이추가)\client\default\x64\debug\loading_level6.obj
d:\쥬신\sr 시연회\코드\team_frame (세미최종궁개간지+보스파티클대잔치+상현이추가)\client\default\x64\debug\fps.obj
d:\쥬신\sr 시연회\코드\team_frame (세미최종궁개간지+보스파티클대잔치+상현이추가)\client\default\x64\debug\freeze.obj
d:\쥬신\sr 시연회\코드\team_frame (세미최종궁개간지+보스파티클대잔치+상현이추가)\client\default\x64\debug\gameover.obj
d:\쥬신\sr 시연회\코드\team_frame (세미최종궁개간지+보스파티클대잔치+상현이추가)\client\default\x64\debug\ghoststump.obj
d:\쥬신\sr 시연회\코드\team_frame (세미최종궁개간지+보스파티클대잔치+상현이추가)\client\default\x64\debug\gourd.obj
d:\쥬신\sr 시연회\코드\team_frame (세미최종궁개간지+보스파티클대잔치+상현이추가)\client\default\x64\debug\ground.obj
d:\쥬신\sr 시연회\코드\team_frame (세미최종궁개간지+보스파티클대잔치+상현이추가)\client\default\x64\debug\hexagon_ui.obj
d:\쥬신\sr 시연회\코드\team_frame (세미최종궁개간지+보스파티클대잔치+상현이추가)\client\default\x64\debug\hit_effect.obj
d:\쥬신\sr 시연회\코드\team_frame (세미최종궁개간지+보스파티클대잔치+상현이추가)\client\default\x64\debug\hplow.obj
d:\쥬신\sr 시연회\코드\team_frame (세미최종궁개간지+보스파티클대잔치+상현이추가)\client\default\x64\debug\hp_ui.obj
d:\쥬신\sr 시연회\코드\team_frame (세미최종궁개간지+보스파티클대잔치+상현이추가)\client\default\x64\debug\ice.obj
d:\쥬신\sr 시연회\코드\team_frame (세미최종궁개간지+보스파티클대잔치+상현이추가)\client\default\x64\debug\icegolem.obj
d:\쥬신\sr 시연회\코드\team_frame (세미최종궁개간지+보스파티클대잔치+상현이추가)\client\default\x64\debug\icepart.obj
d:\쥬신\sr 시연회\코드\team_frame (세미최종궁개간지+보스파티클대잔치+상현이추가)\client\default\x64\debug\ironboar.obj
d:\쥬신\sr 시연회\코드\team_frame (세미최종궁개간지+보스파티클대잔치+상현이추가)\client\default\x64\debug\item.obj
d:\쥬신\sr 시연회\코드\team_frame (세미최종궁개간지+보스파티클대잔치+상현이추가)\client\default\x64\debug\levelup.obj
d:\쥬신\sr 시연회\코드\team_frame (세미최종궁개간지+보스파티클대잔치+상현이추가)\client\default\x64\debug\level_loading.obj
d:\쥬신\sr 시연회\코드\team_frame (세미최종궁개간지+보스파티클대잔치+상현이추가)\client\default\x64\debug\level_logo.obj
d:\쥬신\sr 시연회\코드\team_frame (세미최종궁개간지+보스파티클대잔치+상현이추가)\client\default\x64\debug\level_stageboss.obj
d:\쥬신\sr 시연회\코드\team_frame (세미최종궁개간지+보스파티클대잔치+상현이추가)\client\default\x64\debug\level_stageeight.obj
d:\쥬신\sr 시연회\코드\team_frame (세미최종궁개간지+보스파티클대잔치+상현이추가)\client\default\x64\debug\cooldown8.obj
d:\쥬신\sr 시연회\코드\team_frame (세미최종궁개간지+보스파티클대잔치+상현이추가)\client\default\x64\debug\crash.obj
d:\쥬신\sr 시연회\코드\team_frame (세미최종궁개간지+보스파티클대잔치+상현이추가)\client\default\x64\debug\cray_particleeffect.obj
d:\쥬신\sr 시연회\코드\team_frame (세미최종궁개간지+보스파티클대잔치+상현이추가)\client\default\x64\debug\cutebear.obj
d:\쥬신\sr 시연회\코드\team_frame (세미최종궁개간지+보스파티클대잔치+상현이추가)\client\default\x64\debug\damage.obj
d:\쥬신\sr 시연회\코드\team_frame (세미최종궁개간지+보스파티클대잔치+상현이추가)\client\default\x64\debug\dark_effect.obj
d:\쥬신\sr 시연회\코드\team_frame (세미최종궁개간지+보스파티클대잔치+상현이추가)\client\default\x64\debug\earthquake.obj
d:\쥬신\sr 시연회\코드\team_frame (세미최종궁개간지+보스파티클대잔치+상현이추가)\client\default\x64\debug\effect.obj
d:\쥬신\sr 시연회\코드\team_frame (세미최종궁개간지+보스파티클대잔치+상현이추가)\client\default\x64\debug\effectcray.obj
d:\쥬신\sr 시연회\코드\team_frame (세미최종궁개간지+보스파티클대잔치+상현이추가)\client\default\x64\debug\electric_shock.obj
d:\쥬신\sr 시연회\코드\team_frame (세미최종궁개간지+보스파티클대잔치+상현이추가)\client\default\x64\debug\eqparticle.obj
d:\쥬신\sr 시연회\코드\team_frame (세미최종궁개간지+보스파티클대잔치+상현이추가)\client\default\x64\debug\exping_ui.obj
d:\쥬신\sr 시연회\코드\team_frame (세미최종궁개간지+보스파티클대잔치+상현이추가)\client\default\x64\debug\exp_invisible_ui.obj
d:\쥬신\sr 시연회\코드\team_frame (세미최종궁개간지+보스파티클대잔치+상현이추가)\client\default\x64\debug\exp_text.obj
d:\쥬신\sr 시연회\코드\team_frame (세미최종궁개간지+보스파티클대잔치+상현이추가)\client\default\x64\debug\exp_text2.obj
d:\쥬신\sr 시연회\코드\team_frame (세미최종궁개간지+보스파티클대잔치+상현이추가)\client\default\x64\debug\exp_text3.obj
d:\쥬신\sr 시연회\코드\team_frame (세미최종궁개간지+보스파티클대잔치+상현이추가)\client\default\x64\debug\exp_ui.obj
d:\쥬신\sr 시연회\코드\team_frame (세미최종궁개간지+보스파티클대잔치+상현이추가)\client\default\x64\debug\fireball_attack.obj
d:\쥬신\sr 시연회\코드\team_frame (세미최종궁개간지+보스파티클대잔치+상현이추가)\client\default\x64\debug\fireboar.obj
d:\쥬신\sr 시연회\코드\team_frame (세미최종궁개간지+보스파티클대잔치+상현이추가)\client\default\x64\debug\fireparticle.obj
d:\쥬신\sr 시연회\코드\team_frame (세미최종궁개간지+보스파티클대잔치+상현이추가)\client\default\x64\debug\bossmeteor.obj
d:\쥬신\sr 시연회\코드\team_frame (세미최종궁개간지+보스파티클대잔치+상현이추가)\client\default\x64\debug\bossrealhp.obj
d:\쥬신\sr 시연회\코드\team_frame (세미최종궁개간지+보스파티클대잔치+상현이추가)\client\default\x64\debug\boss_ice.obj
d:\쥬신\sr 시연회\코드\team_frame (세미최종궁개간지+보스파티클대잔치+상현이추가)\client\default\x64\debug\boss_phase1.obj
d:\쥬신\sr 시연회\코드\team_frame (세미최종궁개간지+보스파티클대잔치+상현이추가)\client\default\x64\debug\boss_phase2_lh.obj
d:\쥬신\sr 시연회\코드\team_frame (세미최종궁개간지+보스파티클대잔치+상현이추가)\client\default\x64\debug\boss_phase2_rh.obj
d:\쥬신\sr 시연회\코드\team_frame (세미최종궁개간지+보스파티클대잔치+상현이추가)\client\default\x64\debug\boss_skill.obj
d:\쥬신\sr 시연회\코드\team_frame (세미최종궁개간지+보스파티클대잔치+상현이추가)\client\default\x64\debug\bullet.obj
d:\쥬신\sr 시연회\코드\team_frame (세미최종궁개간지+보스파티클대잔치+상현이추가)\client\default\x64\debug\bullet_ui.obj
d:\쥬신\sr 시연회\코드\team_frame (세미최종궁개간지+보스파티클대잔치+상현이추가)\client\default\x64\debug\circle.obj
d:\쥬신\sr 시연회\코드\team_frame (세미최종궁개간지+보스파티클대잔치+상현이추가)\client\default\x64\debug\claw_attack.obj
d:\쥬신\sr 시연회\코드\team_frame (세미최종궁개간지+보스파티클대잔치+상현이추가)\client\default\x64\debug\clonenoonoo.obj
d:\쥬신\sr 시연회\코드\team_frame (세미최종궁개간지+보스파티클대잔치+상현이추가)\client\default\x64\debug\cokegolem.obj
d:\쥬신\sr 시연회\코드\team_frame (세미최종궁개간지+보스파티클대잔치+상현이추가)\client\default\x64\debug\cokemushroom.obj
d:\쥬신\sr 시연회\코드\team_frame (세미최종궁개간지+보스파티클대잔치+상현이추가)\client\default\x64\debug\cooldown.obj
d:\쥬신\sr 시연회\코드\team_frame (세미최종궁개간지+보스파티클대잔치+상현이추가)\client\default\x64\debug\cooldown3.obj
d:\쥬신\sr 시연회\코드\team_frame (세미최종궁개간지+보스파티클대잔치+상현이추가)\client\default\x64\debug\cooldown4.obj
d:\쥬신\sr 시연회\코드\team_frame (세미최종궁개간지+보스파티클대잔치+상현이추가)\client\default\x64\debug\cooldown5.obj
d:\쥬신\sr 시연회\코드\team_frame (세미최종궁개간지+보스파티클대잔치+상현이추가)\client\default\x64\debug\cooldown6.obj
d:\쥬신\sr 시연회\코드\team_frame (세미최종궁개간지+보스파티클대잔치+상현이추가)\client\default\x64\debug\cooldown7.obj
d:\쥬신\sr 시연회\코드\team_frame (세미최종궁개간지+보스파티클대잔치+상현이추가)\client\default\x64\debug\alphahp_ui.obj
d:\쥬신\sr 시연회\코드\team_frame (세미최종궁개간지+보스파티클대잔치+상현이추가)\client\default\x64\debug\alphamp_ui.obj
d:\쥬신\sr 시연회\코드\team_frame (세미최종궁개간지+보스파티클대잔치+상현이추가)\client\default\x64\debug\ash.obj
d:\쥬신\sr 시연회\코드\team_frame (세미최종궁개간지+보스파티클대잔치+상현이추가)\client\default\x64\debug\balrog.obj
d:\쥬신\sr 시연회\코드\team_frame (세미최종궁개간지+보스파티클대잔치+상현이추가)\client\default\x64\debug\blast.obj
d:\쥬신\sr 시연회\코드\team_frame (세미최종궁개간지+보스파티클대잔치+상현이추가)\client\default\x64\debug\blastparticle.obj
d:\쥬신\sr 시연회\코드\team_frame (세미최종궁개간지+보스파티클대잔치+상현이추가)\client\default\x64\debug\blood.obj
d:\쥬신\sr 시연회\코드\team_frame (세미최종궁개간지+보스파티클대잔치+상현이추가)\client\default\x64\debug\bosshit_effect.obj
d:\쥬신\sr 시연회\코드\team_frame (세미최종궁개간지+보스파티클대잔치+상현이추가)\client\default\x64\debug\bosshpbar.obj
d:\쥬신\sr 시연회\코드\team_frame (세미최종궁개간지+보스파티클대잔치+상현이추가)\client\bin\shader_rect.cso
d:\쥬신\sr 시연회\코드\team_frame (세미최종궁개간지+보스파티클대잔치+상현이추가)\client\bin\client.ilk
d:\쥬신\sr 시연회\코드\team_frame (세미최종궁개간지+보스파티클대잔치+상현이추가)\client\bin\client.exe
d:\쥬신\sr 시연회\코드\team_frame (세미최종궁개간지+보스파티클대잔치+상현이추가)\client\bin\client.pdb
d:\쥬신\sr 시연회\코드\team_frame (세미최종궁개간지+보스파티클대잔치+상현이추가)\client\default\x64\debug\client.res
d:\쥬신\sr 시연회\코드\team_frame (아마도최종)\client\default\x64\debug\alphahp_ui.obj
d:\쥬신\sr 시연회\코드\team_frame (아마도최종)\client\default\x64\debug\alphamp_ui.obj
d:\쥬신\sr 시연회\코드\team_frame (아마도최종)\client\default\x64\debug\ash.obj
d:\쥬신\sr 시연회\코드\team_frame (아마도최종)\client\default\x64\debug\balrog.obj
d:\쥬신\sr 시연회\코드\team_frame (아마도최종)\client\default\x64\debug\blast.obj
d:\쥬신\sr 시연회\코드\team_frame (아마도최종)\client\default\x64\debug\blastparticle.obj
d:\쥬신\sr 시연회\코드\team_frame (아마도최종)\client\default\x64\debug\blood.obj
d:\쥬신\sr 시연회\코드\team_frame (아마도최종)\client\default\x64\debug\bosshit_effect.obj
d:\쥬신\sr 시연회\코드\team_frame (아마도최종)\client\default\x64\debug\bosshpbar.obj
d:\쥬신\sr 시연회\코드\team_frame (아마도최종)\client\default\x64\debug\bossmeteor.obj
d:\쥬신\sr 시연회\코드\team_frame (아마도최종)\client\default\x64\debug\bossrealhp.obj
d:\쥬신\sr 시연회\코드\team_frame (아마도최종)\client\default\x64\debug\boss_ice.obj
d:\쥬신\sr 시연회\코드\team_frame (아마도최종)\client\default\x64\debug\boss_phase1.obj
d:\쥬신\sr 시연회\코드\team_frame (아마도최종)\client\default\x64\debug\boss_phase2_lh.obj
d:\쥬신\sr 시연회\코드\team_frame (아마도최종)\client\default\x64\debug\boss_phase2_rh.obj
d:\쥬신\sr 시연회\코드\team_frame (아마도최종)\client\default\x64\debug\boss_skill.obj
d:\쥬신\sr 시연회\코드\team_frame (아마도최종)\client\default\x64\debug\bullet.obj
d:\쥬신\sr 시연회\코드\team_frame (아마도최종)\client\default\x64\debug\bullet_ui.obj
d:\쥬신\sr 시연회\코드\team_frame (아마도최종)\client\default\x64\debug\circle.obj
d:\쥬신\sr 시연회\코드\team_frame (아마도최종)\client\default\x64\debug\claw_attack.obj
d:\쥬신\sr 시연회\코드\team_frame (아마도최종)\client\default\x64\debug\client.obj
d:\쥬신\sr 시연회\코드\team_frame (아마도최종)\client\default\x64\debug\clonenoonoo.obj
d:\쥬신\sr 시연회\코드\team_frame (아마도최종)\client\default\x64\debug\cokegolem.obj
d:\쥬신\sr 시연회\코드\team_frame (아마도최종)\client\default\x64\debug\cokemushroom.obj
d:\쥬신\sr 시연회\코드\team_frame (아마도최종)\client\default\x64\debug\cooldown.obj
d:\쥬신\sr 시연회\코드\team_frame (아마도최종)\client\default\x64\debug\cooldown3.obj
d:\쥬신\sr 시연회\코드\team_frame (아마도최종)\client\default\x64\debug\cooldown4.obj
d:\쥬신\sr 시연회\코드\team_frame (아마도최종)\client\default\x64\debug\cooldown5.obj
d:\쥬신\sr 시연회\코드\team_frame (아마도최종)\client\default\x64\debug\cooldown6.obj
d:\쥬신\sr 시연회\코드\team_frame (아마도최종)\client\default\x64\debug\cooldown7.obj
d:\쥬신\sr 시연회\코드\team_frame (아마도최종)\client\default\x64\debug\cooldown8.obj
d:\쥬신\sr 시연회\코드\team_frame (아마도최종)\client\default\x64\debug\crash.obj
d:\쥬신\sr 시연회\코드\team_frame (아마도최종)\client\default\x64\debug\cray_particleeffect.obj
d:\쥬신\sr 시연회\코드\team_frame (아마도최종)\client\default\x64\debug\cutebear.obj
d:\쥬신\sr 시연회\코드\team_frame (아마도최종)\client\default\x64\debug\damage.obj
d:\쥬신\sr 시연회\코드\team_frame (아마도최종)\client\default\x64\debug\dark_effect.obj
d:\쥬신\sr 시연회\코드\team_frame (아마도최종)\client\default\x64\debug\earthquake.obj
d:\쥬신\sr 시연회\코드\team_frame (아마도최종)\client\default\x64\debug\effect.obj
d:\쥬신\sr 시연회\코드\team_frame (아마도최종)\client\default\x64\debug\effectcray.obj
d:\쥬신\sr 시연회\코드\team_frame (아마도최종)\client\default\x64\debug\electric_shock.obj
d:\쥬신\sr 시연회\코드\team_frame (아마도최종)\client\default\x64\debug\eqparticle.obj
d:\쥬신\sr 시연회\코드\team_frame (아마도최종)\client\default\x64\debug\exping_ui.obj
d:\쥬신\sr 시연회\코드\team_frame (아마도최종)\client\default\x64\debug\exp_invisible_ui.obj
d:\쥬신\sr 시연회\코드\team_frame (아마도최종)\client\default\x64\debug\exp_text.obj
d:\쥬신\sr 시연회\코드\team_frame (아마도최종)\client\default\x64\debug\exp_text2.obj
d:\쥬신\sr 시연회\코드\team_frame (아마도최종)\client\default\x64\debug\exp_text3.obj
d:\쥬신\sr 시연회\코드\team_frame (아마도최종)\client\default\x64\debug\exp_ui.obj
d:\쥬신\sr 시연회\코드\team_frame (아마도최종)\client\default\x64\debug\fireball_attack.obj
d:\쥬신\sr 시연회\코드\team_frame (아마도최종)\client\default\x64\debug\fireboar.obj
d:\쥬신\sr 시연회\코드\team_frame (아마도최종)\client\default\x64\debug\fireparticle.obj
d:\쥬신\sr 시연회\코드\team_frame (아마도최종)\client\default\x64\debug\fps.obj
d:\쥬신\sr 시연회\코드\team_frame (아마도최종)\client\default\x64\debug\freeze.obj
d:\쥬신\sr 시연회\코드\team_frame (아마도최종)\client\default\x64\debug\gameover.obj
d:\쥬신\sr 시연회\코드\team_frame (아마도최종)\client\default\x64\debug\ghoststump.obj
d:\쥬신\sr 시연회\코드\team_frame (아마도최종)\client\default\x64\debug\gourd.obj
d:\쥬신\sr 시연회\코드\team_frame (아마도최종)\client\default\x64\debug\ground.obj
d:\쥬신\sr 시연회\코드\team_frame (아마도최종)\client\default\x64\debug\hexagon_ui.obj
d:\쥬신\sr 시연회\코드\team_frame (아마도최종)\client\default\x64\debug\hit_effect.obj
d:\쥬신\sr 시연회\코드\team_frame (아마도최종)\client\default\x64\debug\hplow.obj
d:\쥬신\sr 시연회\코드\team_frame (아마도최종)\client\default\x64\debug\hp_ui.obj
d:\쥬신\sr 시연회\코드\team_frame (아마도최종)\client\default\x64\debug\ice.obj
d:\쥬신\sr 시연회\코드\team_frame (아마도최종)\client\default\x64\debug\icegolem.obj
d:\쥬신\sr 시연회\코드\team_frame (아마도최종)\client\default\x64\debug\icepart.obj
d:\쥬신\sr 시연회\코드\team_frame (아마도최종)\client\default\x64\debug\ironboar.obj
d:\쥬신\sr 시연회\코드\team_frame (아마도최종)\client\default\x64\debug\item.obj
d:\쥬신\sr 시연회\코드\team_frame (아마도최종)\client\default\x64\debug\levelup.obj
d:\쥬신\sr 시연회\코드\team_frame (아마도최종)\client\default\x64\debug\level_loading.obj
d:\쥬신\sr 시연회\코드\team_frame (아마도최종)\client\default\x64\debug\level_logo.obj
d:\쥬신\sr 시연회\코드\team_frame (아마도최종)\client\default\x64\debug\level_stageboss.obj
d:\쥬신\sr 시연회\코드\team_frame (아마도최종)\client\default\x64\debug\level_stageeight.obj
d:\쥬신\sr 시연회\코드\team_frame (아마도최종)\client\default\x64\debug\level_stagefive.obj
d:\쥬신\sr 시연회\코드\team_frame (아마도최종)\client\default\x64\debug\level_stagefour.obj
d:\쥬신\sr 시연회\코드\team_frame (아마도최종)\client\default\x64\debug\level_stageone.obj
d:\쥬신\sr 시연회\코드\team_frame (아마도최종)\client\default\x64\debug\level_stagesemiafter.obj
d:\쥬신\sr 시연회\코드\team_frame (아마도최종)\client\default\x64\debug\level_stagesemiboss.obj
d:\쥬신\sr 시연회\코드\team_frame (아마도최종)\client\default\x64\debug\level_stageseven.obj
d:\쥬신\sr 시연회\코드\team_frame (아마도최종)\client\default\x64\debug\level_stagesix.obj
d:\쥬신\sr 시연회\코드\team_frame (아마도최종)\client\default\x64\debug\level_stagespecial.obj
d:\쥬신\sr 시연회\코드\team_frame (아마도최종)\client\default\x64\debug\level_stagethree.obj
d:\쥬신\sr 시연회\코드\team_frame (아마도최종)\client\default\x64\debug\level_stagetwo.obj
d:\쥬신\sr 시연회\코드\team_frame (아마도최종)\client\default\x64\debug\level_stagetwo_1.obj
d:\쥬신\sr 시연회\코드\team_frame (아마도최종)\client\default\x64\debug\level_tutorial.obj
d:\쥬신\sr 시연회\코드\team_frame (아마도최종)\client\default\x64\debug\loader.obj
d:\쥬신\sr 시연회\코드\team_frame (아마도최종)\client\default\x64\debug\loading_level1.obj
d:\쥬신\sr 시연회\코드\team_frame (아마도최종)\client\default\x64\debug\loading_level2.obj
d:\쥬신\sr 시연회\코드\team_frame (아마도최종)\client\default\x64\debug\loading_level3.obj
d:\쥬신\sr 시연회\코드\team_frame (아마도최종)\client\default\x64\debug\loading_level4.obj
d:\쥬신\sr 시연회\코드\team_frame (아마도최종)\client\default\x64\debug\loading_level4_1.obj
d:\쥬신\sr 시연회\코드\team_frame (아마도최종)\client\default\x64\debug\loading_level5.obj
d:\쥬신\sr 시연회\코드\team_frame (아마도최종)\client\default\x64\debug\loading_level6.obj
d:\쥬신\sr 시연회\코드\team_frame (아마도최종)\client\default\x64\debug\loading_level7.obj
d:\쥬신\sr 시연회\코드\team_frame (아마도최종)\client\default\x64\debug\loading_level8.obj
d:\쥬신\sr 시연회\코드\team_frame (아마도최종)\client\default\x64\debug\loading_levelboss.obj
d:\쥬신\sr 시연회\코드\team_frame (아마도최종)\client\default\x64\debug\load_semi0.obj
d:\쥬신\sr 시연회\코드\team_frame (아마도최종)\client\default\x64\debug\load_spring.obj
d:\쥬신\sr 시연회\코드\team_frame (아마도최종)\client\default\x64\debug\lskillbox.obj
d:\쥬신\sr 시연회\코드\team_frame (아마도최종)\client\default\x64\debug\mabubjin.obj
d:\쥬신\sr 시연회\코드\team_frame (아마도최종)\client\default\x64\debug\mabubjin_attack.obj
d:\쥬신\sr 시연회\코드\team_frame (아마도최종)\client\default\x64\debug\magician.obj
d:\쥬신\sr 시연회\코드\team_frame (아마도최종)\client\default\x64\debug\mainapp.obj
d:\쥬신\sr 시연회\코드\team_frame (아마도최종)\client\default\x64\debug\meteor.obj
d:\쥬신\sr 시연회\코드\team_frame (아마도최종)\client\default\x64\debug\mininoonoo.obj
d:\쥬신\sr 시연회\코드\team_frame (아마도최종)\client\default\x64\debug\monster.obj
d:\쥬신\sr 시연회\코드\team_frame (아마도최종)\client\default\x64\debug\monsterhpbar.obj
d:\쥬신\sr 시연회\코드\team_frame (아마도최종)\client\default\x64\debug\monsterrealhp.obj
d:\쥬신\sr 시연회\코드\team_frame (아마도최종)\client\default\x64\debug\moonlight_effect.obj
d:\쥬신\sr 시연회\코드\team_frame (아마도최종)\client\default\x64\debug\mouse_ui.obj
d:\쥬신\sr 시연회\코드\team_frame (아마도최종)\client\default\x64\debug\mp_ui.obj
d:\쥬신\sr 시연회\코드\team_frame (아마도최종)\client\default\x64\debug\multicamera.obj
d:\쥬신\sr 시연회\코드\team_frame (아마도최종)\client\default\x64\debug\noonoo.obj
d:\쥬신\sr 시연회\코드\team_frame (아마도최종)\client\default\x64\debug\noonooattack.obj
d:\쥬신\sr 시연회\코드\team_frame (아마도최종)\client\default\x64\debug\npc.obj
d:\쥬신\sr 시연회\코드\team_frame (아마도최종)\client\default\x64\debug\object_ui.obj
d:\쥬신\sr 시연회\코드\team_frame (아마도최종)\client\default\x64\debug\particle.obj
d:\쥬신\sr 시연회\코드\team_frame (아마도최종)\client\default\x64\debug\player.obj
d:\쥬신\sr 시연회\코드\team_frame (아마도최종)\client\default\x64\debug\playername_ui.obj
d:\쥬신\sr 시연회\코드\team_frame (아마도최종)\client\default\x64\debug\portal.obj
d:\쥬신\sr 시연회\코드\team_frame (아마도최종)\client\default\x64\debug\pumpkin.obj
d:\쥬신\sr 시연회\코드\team_frame (아마도최종)\client\default\x64\debug\purplepog.obj
d:\쥬신\sr 시연회\코드\team_frame (아마도최종)\client\default\x64\debug\quest.obj
d:\쥬신\sr 시연회\코드\team_frame (아마도최종)\client\default\x64\debug\questwindow.obj
d:\쥬신\sr 시연회\코드\team_frame (아마도최종)\client\default\x64\debug\quiz_ui.obj
d:\쥬신\sr 시연회\코드\team_frame (아마도최종)\client\default\x64\debug\rain.obj
d:\쥬신\sr 시연회\코드\team_frame (아마도최종)\client\default\x64\debug\rskillbox.obj
d:\쥬신\sr 시연회\코드\team_frame (아마도최종)\client\default\x64\debug\sakura.obj
d:\쥬신\sr 시연회\코드\team_frame (아마도최종)\client\default\x64\debug\sangin.obj
d:\쥬신\sr 시연회\코드\team_frame (아마도최종)\client\default\x64\debug\semi_1.obj
d:\쥬신\sr 시연회\코드\team_frame (아마도최종)\client\default\x64\debug\semi_2.obj
d:\쥬신\sr 시연회\코드\team_frame (아마도최종)\client\default\x64\debug\shadow.obj
d:\쥬신\sr 시연회\코드\team_frame (아마도최종)\client\default\x64\debug\shield.obj
d:\쥬신\sr 시연회\코드\team_frame (아마도최종)\client\default\x64\debug\shieldparticle.obj
d:\쥬신\sr 시연회\코드\team_frame (아마도최종)\client\default\x64\debug\siren.obj
d:\쥬신\sr 시연회\코드\team_frame (아마도최종)\client\default\x64\debug\sky.obj
d:\쥬신\sr 시연회\코드\team_frame (아마도최종)\client\default\x64\debug\slime.obj
d:\쥬신\sr 시연회\코드\team_frame (아마도최종)\client\default\x64\debug\snow.obj
d:\쥬신\sr 시연회\코드\team_frame (아마도최종)\client\default\x64\debug\sound_manager.obj
d:\쥬신\sr 시연회\코드\team_frame (아마도최종)\client\default\x64\debug\specialmonster.obj
d:\쥬신\sr 시연회\코드\team_frame (아마도최종)\client\default\x64\debug\statwindow.obj
d:\쥬신\sr 시연회\코드\team_frame (아마도최종)\client\default\x64\debug\stdafx.obj
d:\쥬신\sr 시연회\코드\team_frame (아마도최종)\client\default\x64\debug\store.obj
d:\쥬신\sr 시연회\코드\team_frame (아마도최종)\client\default\x64\debug\store_potion.obj
d:\쥬신\sr 시연회\코드\team_frame (아마도최종)\client\default\x64\debug\text.obj
d:\쥬신\sr 시연회\코드\team_frame (아마도최종)\client\default\x64\debug\textwindow.obj
d:\쥬신\sr 시연회\코드\team_frame (아마도최종)\client\default\x64\debug\theif.obj
d:\쥬신\sr 시연회\코드\team_frame (아마도최종)\client\default\x64\debug\typhon.obj
d:\쥬신\sr 시연회\코드\team_frame (아마도최종)\client\default\x64\debug\ui.obj
d:\쥬신\sr 시연회\코드\team_frame (아마도최종)\client\default\x64\debug\ultimate_skill.obj
d:\쥬신\sr 시연회\코드\team_frame (아마도최종)\client\default\x64\debug\warrior.obj
d:\쥬신\sr 시연회\코드\team_frame (아마도최종)\client\default\x64\debug\wraith.obj
d:\쥬신\sr 시연회\코드\team_frame (아마도최종)\client\default\x64\debug\wyvern.obj
d:\쥬신\sr 시연회\코드\team_frame (아마도최종)\client\default\x64\debug\client.res
d:\쥬신\sr 시연회\코드\team_frame (아마도최종)\client\default\x64\debug\client.pch
d:\쥬신\sr 시연회\코드\team_frame (아마도최종)\client\default\x64\debug\vc140.idb
d:\쥬신\sr 시연회\코드\team_frame (아마도최종)\client\default\x64\debug\vc140.pdb
d:\쥬신\sr 시연회\코드\team_frame (아마도최종)\client\default\..\bin\client.exe
d:\쥬신\sr 시연회\코드\team_frame (아마도최종)\client\default\x64\debug\client.tlog\cl.command.1.tlog
d:\쥬신\sr 시연회\코드\team_frame (아마도최종)\client\default\x64\debug\client.tlog\cl.read.1.tlog
d:\쥬신\sr 시연회\코드\team_frame (아마도최종)\client\default\x64\debug\client.tlog\cl.write.1.tlog
d:\쥬신\sr 시연회\코드\team_frame (아마도최종)\client\default\x64\debug\client.tlog\client.write.1u.tlog
d:\쥬신\sr 시연회\코드\team_frame (아마도최종)\client\default\x64\debug\client.tlog\fxc.command.1.tlog
d:\쥬신\sr 시연회\코드\team_frame (아마도최종)\client\default\x64\debug\client.tlog\fxc.read.1.tlog
d:\쥬신\sr 시연회\코드\team_frame (아마도최종)\client\default\x64\debug\client.tlog\fxc.write.1.tlog
d:\쥬신\sr 시연회\코드\team_frame (아마도최종)\client\default\x64\debug\client.tlog\link.command.1.tlog
d:\쥬신\sr 시연회\코드\team_frame (아마도최종)\client\default\x64\debug\client.tlog\link.read.1.tlog
d:\쥬신\sr 시연회\코드\team_frame (아마도최종)\client\default\x64\debug\client.tlog\link.write.1.tlog
d:\쥬신\sr 시연회\코드\team_frame (아마도최종)\client\default\x64\debug\client.tlog\rc.command.1.tlog
d:\쥬신\sr 시연회\코드\team_frame (아마도최종)\client\default\x64\debug\client.tlog\rc.read.1.tlog
d:\쥬신\sr 시연회\코드\team_frame (아마도최종)\client\default\x64\debug\client.tlog\rc.write.1.tlog
