d:\쥬신\sr 시연회\코드\team_frame (세미최종궁개간지+보스파티클대잔치+상현이추가)\engine\default\x64\debug\vc140.pdb
d:\쥬신\sr 시연회\코드\team_frame (세미최종궁개간지+보스파티클대잔치+상현이추가)\engine\default\x64\debug\vc140.idb
d:\쥬신\sr 시연회\코드\team_frame (세미최종궁개간지+보스파티클대잔치+상현이추가)\engine\default\x64\debug\frustum.obj
d:\쥬신\sr 시연회\코드\team_frame (세미최종궁개간지+보스파티클대잔치+상현이추가)\engine\default\x64\debug\gameinstance.obj
d:\쥬신\sr 시연회\코드\team_frame (세미최종궁개간지+보스파티클대잔치+상현이추가)\engine\default\x64\debug\gameobject.obj
d:\쥬신\sr 시연회\코드\team_frame (세미최종궁개간지+보스파티클대잔치+상현이추가)\engine\default\x64\debug\graphic_device.obj
d:\쥬신\sr 시연회\코드\team_frame (세미최종궁개간지+보스파티클대잔치+상현이추가)\engine\default\x64\debug\input_device.obj
d:\쥬신\sr 시연회\코드\team_frame (세미최종궁개간지+보스파티클대잔치+상현이추가)\engine\default\x64\debug\key_manager.obj
d:\쥬신\sr 시연회\코드\team_frame (세미최종궁개간지+보스파티클대잔치+상현이추가)\engine\default\x64\debug\layer.obj
d:\쥬신\sr 시연회\코드\team_frame (세미최종궁개간지+보스파티클대잔치+상현이추가)\engine\default\x64\debug\level.obj
d:\쥬신\sr 시연회\코드\team_frame (세미최종궁개간지+보스파티클대잔치+상현이추가)\engine\default\x64\debug\level_manager.obj
d:\쥬신\sr 시연회\코드\team_frame (세미최종궁개간지+보스파티클대잔치+상현이추가)\engine\default\x64\debug\mouse.obj
d:\쥬신\sr 시연회\코드\team_frame (세미최종궁개간지+보스파티클대잔치+상현이추가)\engine\default\x64\debug\object_manager.obj
d:\쥬신\sr 시연회\코드\team_frame (세미최종궁개간지+보스파티클대잔치+상현이추가)\engine\default\x64\debug\renderer.obj
d:\쥬신\sr 시연회\코드\team_frame (세미최종궁개간지+보스파티클대잔치+상현이추가)\engine\default\x64\debug\shader.obj
d:\쥬신\sr 시연회\코드\team_frame (세미최종궁개간지+보스파티클대잔치+상현이추가)\engine\default\x64\debug\texture.obj
d:\쥬신\sr 시연회\코드\team_frame (세미최종궁개간지+보스파티클대잔치+상현이추가)\engine\default\x64\debug\timer.obj
d:\쥬신\sr 시연회\코드\team_frame (세미최종궁개간지+보스파티클대잔치+상현이추가)\engine\default\x64\debug\timer_manager.obj
d:\쥬신\sr 시연회\코드\team_frame (세미최종궁개간지+보스파티클대잔치+상현이추가)\engine\default\x64\debug\transform.obj
d:\쥬신\sr 시연회\코드\team_frame (세미최종궁개간지+보스파티클대잔치+상현이추가)\engine\default\x64\debug\vibuffer.obj
d:\쥬신\sr 시연회\코드\team_frame (세미최종궁개간지+보스파티클대잔치+상현이추가)\engine\default\x64\debug\vibuffer_cube.obj
d:\쥬신\sr 시연회\코드\team_frame (세미최종궁개간지+보스파티클대잔치+상현이추가)\engine\default\x64\debug\vibuffer_rect.obj
d:\쥬신\sr 시연회\코드\team_frame (세미최종궁개간지+보스파티클대잔치+상현이추가)\engine\default\x64\debug\base.obj
d:\쥬신\sr 시연회\코드\team_frame (세미최종궁개간지+보스파티클대잔치+상현이추가)\engine\default\x64\debug\button_base.obj
d:\쥬신\sr 시연회\코드\team_frame (세미최종궁개간지+보스파티클대잔치+상현이추가)\engine\default\x64\debug\camera.obj
d:\쥬신\sr 시연회\코드\team_frame (세미최종궁개간지+보스파티클대잔치+상현이추가)\engine\default\x64\debug\collision.obj
d:\쥬신\sr 시연회\코드\team_frame (세미최종궁개간지+보스파티클대잔치+상현이추가)\engine\default\x64\debug\component.obj
d:\쥬신\sr 시연회\코드\team_frame (세미최종궁개간지+보스파티클대잔치+상현이추가)\engine\default\x64\debug\component_manager.obj
d:\쥬신\sr 시연회\코드\team_frame (세미최종궁개간지+보스파티클대잔치+상현이추가)\engine\bin\engine.lib
d:\쥬신\sr 시연회\코드\team_frame (세미최종궁개간지+보스파티클대잔치+상현이추가)\engine\bin\engine.exp
d:\쥬신\sr 시연회\코드\team_frame (세미최종궁개간지+보스파티클대잔치+상현이추가)\engine\bin\engine.ilk
d:\쥬신\sr 시연회\코드\team_frame (세미최종궁개간지+보스파티클대잔치+상현이추가)\engine\bin\engine.dll
d:\쥬신\sr 시연회\코드\team_frame (세미최종궁개간지+보스파티클대잔치+상현이추가)\engine\bin\engine.pdb
d:\쥬신\sr 시연회\코드\team_frame (아마도최종)\engine\default\x64\debug\base.obj
d:\쥬신\sr 시연회\코드\team_frame (아마도최종)\engine\default\x64\debug\button_base.obj
d:\쥬신\sr 시연회\코드\team_frame (아마도최종)\engine\default\x64\debug\camera.obj
d:\쥬신\sr 시연회\코드\team_frame (아마도최종)\engine\default\x64\debug\collision.obj
d:\쥬신\sr 시연회\코드\team_frame (아마도최종)\engine\default\x64\debug\component.obj
d:\쥬신\sr 시연회\코드\team_frame (아마도최종)\engine\default\x64\debug\component_manager.obj
d:\쥬신\sr 시연회\코드\team_frame (아마도최종)\engine\default\x64\debug\frustum.obj
d:\쥬신\sr 시연회\코드\team_frame (아마도최종)\engine\default\x64\debug\gameinstance.obj
d:\쥬신\sr 시연회\코드\team_frame (아마도최종)\engine\default\x64\debug\gameobject.obj
d:\쥬신\sr 시연회\코드\team_frame (아마도최종)\engine\default\x64\debug\graphic_device.obj
d:\쥬신\sr 시연회\코드\team_frame (아마도최종)\engine\default\x64\debug\input_device.obj
d:\쥬신\sr 시연회\코드\team_frame (아마도최종)\engine\default\x64\debug\key_manager.obj
d:\쥬신\sr 시연회\코드\team_frame (아마도최종)\engine\default\x64\debug\layer.obj
d:\쥬신\sr 시연회\코드\team_frame (아마도최종)\engine\default\x64\debug\level.obj
d:\쥬신\sr 시연회\코드\team_frame (아마도최종)\engine\default\x64\debug\level_manager.obj
d:\쥬신\sr 시연회\코드\team_frame (아마도최종)\engine\default\x64\debug\mouse.obj
d:\쥬신\sr 시연회\코드\team_frame (아마도최종)\engine\default\x64\debug\object_manager.obj
d:\쥬신\sr 시연회\코드\team_frame (아마도최종)\engine\default\x64\debug\renderer.obj
d:\쥬신\sr 시연회\코드\team_frame (아마도최종)\engine\default\x64\debug\shader.obj
d:\쥬신\sr 시연회\코드\team_frame (아마도최종)\engine\default\x64\debug\texture.obj
d:\쥬신\sr 시연회\코드\team_frame (아마도최종)\engine\default\x64\debug\timer.obj
d:\쥬신\sr 시연회\코드\team_frame (아마도최종)\engine\default\x64\debug\timer_manager.obj
d:\쥬신\sr 시연회\코드\team_frame (아마도최종)\engine\default\x64\debug\transform.obj
d:\쥬신\sr 시연회\코드\team_frame (아마도최종)\engine\default\x64\debug\vibuffer.obj
d:\쥬신\sr 시연회\코드\team_frame (아마도최종)\engine\default\x64\debug\vibuffer_cube.obj
d:\쥬신\sr 시연회\코드\team_frame (아마도최종)\engine\default\x64\debug\vibuffer_rect.obj
d:\쥬신\sr 시연회\코드\team_frame (아마도최종)\engine\default\x64\debug\vc140.idb
d:\쥬신\sr 시연회\코드\team_frame (아마도최종)\engine\default\x64\debug\vc140.pdb
d:\쥬신\sr 시연회\코드\team_frame (아마도최종)\engine\default\..\bin\engine.dll
d:\쥬신\sr 시연회\코드\team_frame (아마도최종)\engine\default\x64\debug\engine.tlog\cl.command.1.tlog
d:\쥬신\sr 시연회\코드\team_frame (아마도최종)\engine\default\x64\debug\engine.tlog\cl.read.1.tlog
d:\쥬신\sr 시연회\코드\team_frame (아마도최종)\engine\default\x64\debug\engine.tlog\cl.write.1.tlog
d:\쥬신\sr 시연회\코드\team_frame (아마도최종)\engine\default\x64\debug\engine.tlog\engine.write.1u.tlog
d:\쥬신\sr 시연회\코드\team_frame (아마도최종)\engine\default\x64\debug\engine.tlog\link.command.1.tlog
d:\쥬신\sr 시연회\코드\team_frame (아마도최종)\engine\default\x64\debug\engine.tlog\link.read.1.tlog
d:\쥬신\sr 시연회\코드\team_frame (아마도최종)\engine\default\x64\debug\engine.tlog\link.write.1.tlog
