  VIBuffer_Rect.cpp
  VIBuffer_Cube.cpp
  VIBuffer.cpp
  Transform.cpp
  Timer_Manager.cpp
  Timer.cpp
  Texture.cpp
  Shader.cpp
  Renderer.cpp
  Object_Manager.cpp
  Mouse.cpp
  Level_Manager.cpp
  Level.cpp
  Layer.cpp
  Key_Manager.cpp
  Input_Device.cpp
  Graphic_Device.cpp
  GameObject.cpp
  GameInstance.cpp
  Frustum.cpp
  코드를 생성하고 있습니다...
  컴파일하고 있습니다...
  Component_Manager.cpp
  Component.cpp
  Collision.cpp
  Camera.cpp
  Button_Base.cpp
  Base.cpp
  코드를 생성하고 있습니다...
  LINK : ..\Bin\Engine.dll을(를) 찾을 수 없거나 마지막 증분 링크에 의해 빌드되지 않았습니다. 전체 링크를 수행하고 있습니다.
     ..\Bin\Engine.lib 라이브러리 및 ..\Bin\Engine.exp 개체를 생성하고 있습니다.
  Engine.vcxproj -> D:\쥬신\SR 시연회\코드\Team_Frame (아마도최종)\Engine\Default\..\Bin\Engine.dll
  Engine.vcxproj -> ..\Bin\Engine.pdb (Full PDB)
