d:\쥬신\sr 시연회\코드\team_frame (세미최종궁개간지+보스파티클대잔치+상현이추가)\tool\default\x64\debug\tool.pch
d:\쥬신\sr 시연회\코드\team_frame (세미최종궁개간지+보스파티클대잔치+상현이추가)\tool\default\x64\debug\vc140.pdb
d:\쥬신\sr 시연회\코드\team_frame (세미최종궁개간지+보스파티클대잔치+상현이추가)\tool\default\x64\debug\vc140.idb
d:\쥬신\sr 시연회\코드\team_frame (세미최종궁개간지+보스파티클대잔치+상현이추가)\tool\default\x64\debug\stdafx.obj
d:\쥬신\sr 시연회\코드\team_frame (세미최종궁개간지+보스파티클대잔치+상현이추가)\tool\default\x64\debug\camera_default.obj
d:\쥬신\sr 시연회\코드\team_frame (세미최종궁개간지+보스파티클대잔치+상현이추가)\tool\default\x64\debug\cube.obj
d:\쥬신\sr 시연회\코드\team_frame (세미최종궁개간지+보스파티클대잔치+상현이추가)\tool\default\x64\debug\myform.obj
d:\쥬신\sr 시연회\코드\team_frame (세미최종궁개간지+보스파티클대잔치+상현이추가)\tool\default\x64\debug\maptool.obj
d:\쥬신\sr 시연회\코드\team_frame (세미최종궁개간지+보스파티클대잔치+상현이추가)\tool\default\x64\debug\mainfrm.obj
d:\쥬신\sr 시연회\코드\team_frame (세미최종궁개간지+보스파티클대잔치+상현이추가)\tool\default\x64\debug\tool.obj
d:\쥬신\sr 시연회\코드\team_frame (세미최종궁개간지+보스파티클대잔치+상현이추가)\tool\default\x64\debug\tooldoc.obj
d:\쥬신\sr 시연회\코드\team_frame (세미최종궁개간지+보스파티클대잔치+상현이추가)\tool\default\x64\debug\toolview.obj
d:\쥬신\sr 시연회\코드\team_frame (아마도최종)\tool\default\x64\debug\camera_default.obj
d:\쥬신\sr 시연회\코드\team_frame (아마도최종)\tool\default\x64\debug\cube.obj
d:\쥬신\sr 시연회\코드\team_frame (아마도최종)\tool\default\x64\debug\mainfrm.obj
d:\쥬신\sr 시연회\코드\team_frame (아마도최종)\tool\default\x64\debug\maptool.obj
d:\쥬신\sr 시연회\코드\team_frame (아마도최종)\tool\default\x64\debug\myform.obj
d:\쥬신\sr 시연회\코드\team_frame (아마도최종)\tool\default\x64\debug\stdafx.obj
d:\쥬신\sr 시연회\코드\team_frame (아마도최종)\tool\default\x64\debug\tool.obj
d:\쥬신\sr 시연회\코드\team_frame (아마도최종)\tool\default\x64\debug\tooldoc.obj
d:\쥬신\sr 시연회\코드\team_frame (아마도최종)\tool\default\x64\debug\toolview.obj
d:\쥬신\sr 시연회\코드\team_frame (아마도최종)\tool\default\x64\debug\tool.pch
d:\쥬신\sr 시연회\코드\team_frame (아마도최종)\tool\default\x64\debug\vc140.idb
d:\쥬신\sr 시연회\코드\team_frame (아마도최종)\tool\default\x64\debug\vc140.pdb
d:\쥬신\sr 시연회\코드\team_frame (아마도최종)\tool\default\x64\debug\tool.tlog\cl.command.1.tlog
d:\쥬신\sr 시연회\코드\team_frame (아마도최종)\tool\default\x64\debug\tool.tlog\cl.read.1.tlog
d:\쥬신\sr 시연회\코드\team_frame (아마도최종)\tool\default\x64\debug\tool.tlog\cl.write.1.tlog
